-------------------------------------------------------------------------------
Test set: mihai.springboot.sfgpetclinic.SfgPetClinicApplicationTests
-------------------------------------------------------------------------------
Tests run: 1, Failures: 0, Errors: 1, Skipped: 0, Time elapsed: 0.294 s <<< FAILURE! - in mihai.springboot.sfgpetclinic.SfgPetClinicApplicationTests
mihai.springboot.sfgpetclinic.SfgPetClinicApplicationTests  Time elapsed: 0.292 s  <<< ERROR!
java.lang.IllegalStateException: Unable to find a @SpringBootConfiguration, you need to use @ContextConfiguration or @SpringBootTest(classes=...) with your test

